<?xml version="1.0" encoding="UTF-8" ?>
<testsuite tests="1" failures="0" name="com.krishna.MultipartUploadTest" time="1.725" errors="0" skipped="0">
  <properties>
    <property name="idea.version" value="2020.3.2"/>
    <property name="java.runtime.name" value="Java(TM) SE Runtime Environment"/>
    <property name="java.vm.version" value="14.0.2+12-46"/>
    <property name="sun.boot.library.path" value="C:\programming\jdk-14.0.2\bin"/>
    <property name="maven.wagon.http.ssl.insecure" value="true"/>
    <property name="maven.multiModuleProjectDirectory" value="C:\Users\102222\IdeaProjects\awsTest"/>
    <property name="java.vm.vendor" value="Oracle Corporation"/>
    <property name="java.vendor.url" value="https://java.oracle.com/"/>
    <property name="guice.disable.misplaced.annotation.check" value="true"/>
    <property name="path.separator" value=";"/>
    <property name="java.vm.name" value="Java HotSpot(TM) 64-Bit Server VM"/>
    <property name="sun.os.patch.level" value=""/>
    <property name="user.script" value=""/>
    <property name="user.country" value="CA"/>
    <property name="sun.java.launcher" value="SUN_STANDARD"/>
    <property name="java.vm.specification.name" value="Java Virtual Machine Specification"/>
    <property name="user.dir" value="C:\Users\102222\IdeaProjects\awsTest"/>
    <property name="java.vm.compressedOopsMode" value="Zero based"/>
    <property name="java.runtime.version" value="14.0.2+12-46"/>
    <property name="os.arch" value="amd64"/>
    <property name="java.io.tmpdir" value="C:\Users\102222\AppData\Local\Temp\"/>
    <property name="line.separator" value="
"/>
    <property name="java.vm.specification.vendor" value="Oracle Corporation"/>
    <property name="user.variant" value=""/>
    <property name="os.name" value="Windows 10"/>
    <property name="maven.ext.class.path" value="C:\Users\102222\Desktop\ideaIC-2020.3.2.win\plugins\maven\lib\maven-event-listener.jar"/>
    <property name="classworlds.conf" value="C:\Users\102222\Desktop\ideaIC-2020.3.2.win\plugins\maven\lib\maven3\bin\m2.conf"/>
    <property name="sun.jnu.encoding" value="Cp1252"/>
    <property name="java.library.path" value="C:\programming\jdk-14.0.2\bin;C:\windows\Sun\Java\bin;C:\windows\system32;C:\windows;C:\windows\system32;C:\windows;C:\windows\System32\Wbem;C:\windows\System32\WindowsPowerShell\v1.0\;C:\windows\System32\OpenSSH\;C:\Program Files\Docker\Docker\resources\bin;C:\ProgramData\DockerDesktop\version-bin;C:\windows\system32;C:\windows;C:\windows\System32\Wbem;C:\windows\System32\WindowsPowerShell\v1.0\;C:\windows\System32\OpenSSH\;C:\Program Files\Docker\Docker\resources\bin;C:\ProgramData\DockerDesktop\version-bin;C:\Users\102222\.cargo\bin;C:\Users\102222\scoop\shims;C:\Users\102222\.pyenv\pyenv-win\bin;C:\Users\102222\.pyenv\pyenv-win\shims;C:\Users\102222\.poetry\bin;C:\programming\miniconda;C:\programming\miniconda\Library\mingw-w64\bin;C:\programming\miniconda\Library\usr\bin;C:\programming\miniconda\Library\bin;C:\programming\miniconda\Scripts;C:\Users\102222\AppData\Local\Microsoft\WindowsApps;C:\Users\102222\AppData\Local\Programs\Microsoft VS Code\bin;C:\Users\102222\AppData\Local\Programs\Git\cmd;C:\programming\jdk-14.0.2\bin;C:\Users\102222\qemu;C:\Users\102222\AppData\Local\Turbo\Cmd\;C:\programming\node\node-v12.18.3-win-x64;c:\programming\miniconda\lib\site-packages;C:\Users\102222\.pyenv\pyenv-win;C:\Users\102222\minikube;C:\ProgramData\chocoportable\bin;C:\ProgramData\chocolatey\lib\kubernetes-helm\tools\windows-amd64;C:\Users\102222\AppData\Local\hyper\app-3.0.2\resources\bin;C:\work\tmp\apk;C:\programming\argo;."/>
    <property name="maven.conf" value="C:\Users\102222\Desktop\ideaIC-2020.3.2.win\plugins\maven\lib\maven3/conf"/>
    <property name="jdk.debug" value="release"/>
    <property name="java.class.version" value="58.0"/>
    <property name="java.specification.name" value="Java Platform API Specification"/>
    <property name="sun.management.compiler" value="HotSpot 64-Bit Tiered Compilers"/>
    <property name="os.version" value="10.0"/>
    <property name="maven.wagon.http.ssl.allowall" value="true"/>
    <property name="user.home" value="C:\Users\102222"/>
    <property name="user.timezone" value="America/Halifax"/>
    <property name="file.encoding" value="UTF-8"/>
    <property name="java.specification.version" value="14"/>
    <property name="user.name" value="102222"/>
    <property name="java.class.path" value="C:\Users\102222\Desktop\ideaIC-2020.3.2.win\plugins\maven\lib\maven3\boot\plexus-classworlds-2.6.0.jar;C:\Users\102222\Desktop\ideaIC-2020.3.2.win\plugins\maven\lib\maven3\boot\plexus-classworlds.license"/>
    <property name="java.vm.specification.version" value="14"/>
    <property name="sun.arch.data.model" value="64"/>
    <property name="sun.java.command" value="org.codehaus.classworlds.Launcher -Didea.version=2020.3.2 test"/>
    <property name="java.home" value="C:\programming\jdk-14.0.2"/>
    <property name="user.language" value="en"/>
    <property name="java.specification.vendor" value="Oracle Corporation"/>
    <property name="java.vm.info" value="mixed mode, sharing"/>
    <property name="java.version" value="14.0.2"/>
    <property name="maven.wagon.http.ssl.ignore.validity.dates" value="true"/>
    <property name="java.vendor" value="Oracle Corporation"/>
    <property name="maven.home" value="C:\Users\102222\Desktop\ideaIC-2020.3.2.win\plugins\maven\lib\maven3"/>
    <property name="file.separator" value="\"/>
    <property name="java.version.date" value="2020-07-14"/>
    <property name="java.vendor.url.bug" value="https://bugreport.java.com/bugreport/"/>
    <property name="sun.io.unicode.encoding" value="UnicodeLittle"/>
    <property name="sun.cpu.endian" value="little"/>
    <property name="sun.cpu.isalist" value="amd64"/>
  </properties>
  <testcase classname="com.krishna.MultipartUploadTest" name="whenUploadingFileWithTransferManager_thenVerifyUploadRequested" time="1.725"/>
</testsuite>